2016-12-21 15:57:55,605 INFO: microblog startup [in D:\Python\project\microblog\app\__init__.py:18]
2016-12-21 15:57:55,759 INFO: microblog startup [in D:\Python\project\microblog\app\__init__.py:18]
2016-12-21 15:59:50,573 INFO: microblog startup [in D:\Python\project\microblog\app\__init__.py:19]
2016-12-21 15:59:50,723 INFO: microblog startup [in D:\Python\project\microblog\app\__init__.py:19]
2016-12-21 16:00:12,158 INFO: microblog startup [in D:\Python\project\microblog\app\__init__.py:19]
2016-12-21 16:00:16,069 INFO: ==>index [in D:\Python\project\microblog\app\views.py:8]
2016-12-21 16:08:45,036 INFO: microblog startup [in D:\Python\project\microblog\app\__init__.py:20]
2016-12-21 16:08:45,191 INFO: microblog startup [in D:\Python\project\microblog\app\__init__.py:20]
2016-12-21 16:09:18,788 INFO: microblog startup [in D:\Python\project\microblog\app\__init__.py:20]
2016-12-21 16:09:34,158 INFO: microblog startup [in D:\Python\project\microblog\app\__init__.py:20]
2016-12-21 16:11:59,005 INFO: microblog startup [in D:\Python\project\microblog\app\__init__.py:20]
2016-12-22 15:56:10,460 INFO: microblog startup [in D:\Python\project\microblog\app\__init__.py:19]
2016-12-22 15:56:10,687 INFO: microblog startup [in D:\Python\project\microblog\app\__init__.py:19]
2016-12-22 15:56:12,871 INFO: ==>index [in D:\Python\project\microblog\app\views.py:8]
2016-12-22 15:58:06,118 INFO: microblog startup [in D:\Python\project\microblog\app\__init__.py:20]
2016-12-22 15:58:21,607 INFO: microblog startup [in D:\Python\project\microblog\app\__init__.py:20]
2016-12-22 15:58:21,756 INFO: microblog startup [in D:\Python\project\microblog\app\__init__.py:20]
2016-12-22 15:58:24,135 INFO: ==>index [in D:\Python\project\microblog\app\views.py:8]
2016-12-22 15:59:40,595 INFO: microblog startup [in D:\Python\project\microblog\app\__init__.py:20]
2016-12-22 15:59:40,746 INFO: microblog startup [in D:\Python\project\microblog\app\__init__.py:20]
2016-12-22 15:59:42,474 INFO: ==>index [in D:\Python\project\microblog\app\views.py:8]
2016-12-22 16:09:10,661 INFO: microblog startup [in D:\Python\project\microblog\app\__init__.py:20]
2016-12-22 16:09:18,394 INFO: microblog startup [in D:\Python\project\microblog\app\__init__.py:20]
2016-12-22 16:09:30,315 INFO: ==>index [in D:\Python\project\microblog\app\views.py:8]
2016-12-22 16:10:13,459 INFO: ==>index [in D:\Python\project\microblog\app\views.py:8]
2016-12-22 16:13:23,545 INFO: microblog startup [in D:\Python\project\microblog\app\__init__.py:20]
2016-12-22 16:13:29,680 INFO: microblog startup [in D:\Python\project\microblog\app\__init__.py:20]
2016-12-22 16:13:42,286 INFO: ==>index [in D:\Python\project\microblog\app\views.py:8]
2016-12-22 16:16:14,023 INFO: ==>index [in D:\Python\project\microblog\app\views.py:8]
2016-12-22 16:19:34,394 INFO: microblog startup [in D:\Python\project\microblog\app\__init__.py:20]
2016-12-22 16:20:02,040 INFO: microblog startup [in D:\Python\project\microblog\app\__init__.py:20]
2016-12-22 16:23:08,681 INFO: microblog startup [in D:\Python\project\microblog\app\__init__.py:20]
2016-12-22 16:27:10,183 INFO: microblog startup [in D:\Python\project\microblog\app\__init__.py:20]
2016-12-22 16:27:16,835 INFO: microblog startup [in D:\Python\project\microblog\app\__init__.py:20]
2016-12-22 16:27:26,351 INFO: ==>index [in D:\Python\project\microblog\app\views.py:8]
2016-12-22 16:28:44,032 WARNING: failed to login, lack of parameter: password [in D:\Python\project\microblog\app\route\login_route.py:34]
2016-12-22 16:29:26,697 INFO: login [in D:\Python\project\microblog\app\route\login_route.py:52]
2016-12-22 17:17:09,885 INFO: microblog startup [in D:\Python\project\microblog\app\__init__.py:20]
2016-12-22 17:17:10,065 INFO: microblog startup [in D:\Python\project\microblog\app\__init__.py:20]
2016-12-22 17:17:15,660 INFO: ==>index [in D:\Python\project\microblog\app\views.py:8]
2016-12-22 17:18:30,250 INFO: microblog startup [in D:\Python\project\microblog\app\__init__.py:20]
2016-12-22 17:18:32,628 INFO: microblog startup [in D:\Python\project\microblog\app\__init__.py:20]
2016-12-22 17:18:32,802 INFO: microblog startup [in D:\Python\project\microblog\app\__init__.py:20]
2016-12-22 17:18:38,650 INFO: login [in D:\Python\project\microblog\app\route\category_route.py:23]
2016-12-22 17:24:23,747 INFO: microblog startup [in D:\Python\project\microblog\app\__init__.py:20]
2016-12-22 17:26:06,365 INFO: microblog startup [in D:\Python\project\microblog\app\__init__.py:20]
2016-12-22 18:17:16,380 INFO: microblog startup [in D:\Python\project\microblog\app\__init__.py:20]
2016-12-22 18:17:16,555 INFO: microblog startup [in D:\Python\project\microblog\app\__init__.py:20]
2016-12-22 18:17:18,397 INFO: ==>index [in D:\Python\project\microblog\app\views.py:8]
2016-12-22 18:17:29,427 INFO: list_article [in D:\Python\project\microblog\app\route\article_route.py:35]
2016-12-22 18:17:51,578 INFO: get_article_entry [in D:\Python\project\microblog\app\route\article_route.py:63]
2016-12-22 18:20:08,994 INFO: microblog startup [in D:\Python\project\microblog\app\__init__.py:20]
2016-12-22 18:20:13,236 INFO: microblog startup [in D:\Python\project\microblog\app\__init__.py:20]
2016-12-22 18:20:13,404 INFO: microblog startup [in D:\Python\project\microblog\app\__init__.py:20]
2016-12-22 18:20:19,872 INFO: get_article_entry [in D:\Python\project\microblog\app\route\article_route.py:63]
2016-12-22 18:22:41,792 INFO: microblog startup [in D:\Python\project\microblog\app\__init__.py:20]
2016-12-22 18:22:41,964 INFO: microblog startup [in D:\Python\project\microblog\app\__init__.py:20]
2016-12-22 18:22:44,979 INFO: get_article_entry [in D:\Python\project\microblog\app\route\article_route.py:63]
2016-12-22 18:22:46,250 INFO: get_article_entry [in D:\Python\project\microblog\app\route\article_route.py:63]
2016-12-22 18:22:46,898 INFO: get_article_entry [in D:\Python\project\microblog\app\route\article_route.py:63]
2016-12-22 18:22:47,243 INFO: get_article_entry [in D:\Python\project\microblog\app\route\article_route.py:63]
2016-12-22 18:22:47,492 INFO: get_article_entry [in D:\Python\project\microblog\app\route\article_route.py:63]
2016-12-23 14:39:13,200 INFO: microblog startup [in D:\Python\project\microblog\app\__init__.py:20]
2016-12-23 14:39:13,697 INFO: microblog startup [in D:\Python\project\microblog\app\__init__.py:20]
2016-12-23 14:39:16,309 INFO: ==>index [in D:\Python\project\microblog\app\views.py:8]
2016-12-23 14:40:02,144 WARNING: failed to add_article, exception:(1048, "Column 'category_id' cannot be null") [in D:\Python\project\microblog\app\route\article_route.py:111]
2016-12-23 14:41:34,885 WARNING: failed to add_article, exception:SteadyDBConnection instance has no attribute 'insert_id' [in D:\Python\project\microblog\app\route\article_route.py:111]
2016-12-23 14:42:26,223 INFO: microblog startup [in D:\Python\project\microblog\app\__init__.py:20]
2016-12-23 14:42:39,670 INFO: microblog startup [in D:\Python\project\microblog\app\__init__.py:20]
2016-12-23 14:42:39,845 INFO: microblog startup [in D:\Python\project\microblog\app\__init__.py:20]
2016-12-23 14:42:44,664 WARNING: failed to add_article, exception:SteadyDBConnection instance has no attribute 'insert_id' [in D:\Python\project\microblog\app\route\article_route.py:111]
2016-12-23 14:43:13,424 INFO: microblog startup [in D:\Python\project\microblog\app\__init__.py:20]
2016-12-23 14:50:07,101 INFO: microblog startup [in D:\Python\project\microblog\app\__init__.py:20]
2016-12-23 14:50:07,644 INFO: microblog startup [in D:\Python\project\microblog\app\__init__.py:20]
2016-12-23 14:51:00,309 WARNING: failed to add_article, exception:SteadyDBConnection instance has no attribute 'insert_id' [in D:\Python\project\microblog\app\route\article_route.py:111]
2016-12-23 14:56:13,970 INFO: microblog startup [in D:\Python\project\microblog\app\__init__.py:20]
2016-12-23 14:56:19,026 INFO: microblog startup [in D:\Python\project\microblog\app\__init__.py:20]
2016-12-23 14:56:19,194 INFO: microblog startup [in D:\Python\project\microblog\app\__init__.py:20]
2016-12-23 14:56:32,035 WARNING: failed to add_article, exception:SteadyDBConnection instance has no attribute 'insert_id' [in D:\Python\project\microblog\app\route\article_route.py:111]
2016-12-23 14:56:33,474 WARNING: failed to add_article, exception:SteadyDBConnection instance has no attribute 'insert_id' [in D:\Python\project\microblog\app\route\article_route.py:111]
2016-12-23 15:00:52,303 INFO: microblog startup [in D:\Python\project\microblog\app\__init__.py:20]
2016-12-23 15:00:52,819 INFO: microblog startup [in D:\Python\project\microblog\app\__init__.py:20]
2016-12-23 15:01:31,470 WARNING: failed to add_article, exception:SteadyDBConnection instance has no attribute 'insert_id' [in D:\Python\project\microblog\app\route\article_route.py:111]
2016-12-23 15:21:47,509 INFO: microblog startup [in D:\Python\project\microblog\app\__init__.py:20]
2016-12-23 15:21:51,793 INFO: microblog startup [in D:\Python\project\microblog\app\__init__.py:20]
2016-12-23 15:21:51,963 INFO: microblog startup [in D:\Python\project\microblog\app\__init__.py:20]
2016-12-23 15:21:57,029 INFO: add_education_history_entry [in D:\Python\project\microblog\app\route\article_route.py:103]
2016-12-23 15:21:58,546 INFO: add_education_history_entry [in D:\Python\project\microblog\app\route\article_route.py:103]
2016-12-23 15:22:28,634 INFO: microblog startup [in D:\Python\project\microblog\app\__init__.py:20]
